2025-04-11 20:34:09:349 [31merror[39m: [31mUncaught Exception: listen EADDRINUSE: address already in use :::3000[39m
2025-04-11 20:34:23:3423 [32minfo[39m: [32mServer running on port 3000[39m
2025-04-11 20:34:23:3423 [32minfo[39m: [32mEnvironment: development[39m
2025-04-11 20:34:23:3423 [32minfo[39m: [32mAPI available at http://localhost:3000/api[39m
2025-04-11 20:35:03:353 [35mhttp[39m: [35mPOST /auth/register[39m
2025-04-11 20:35:19:3519 [35mhttp[39m: [35mPOST /auth/register[39m
2025-04-11 20:35:56:3556 [32minfo[39m: [32mSIGINT received. Shutting down gracefully[39m
2025-04-11 20:37:41:3741 [32minfo[39m: [32mServer running on port 3000[39m
2025-04-11 20:37:41:3741 [32minfo[39m: [32mEnvironment: development[39m
2025-04-11 20:37:41:3741 [32minfo[39m: [32mAPI available at http://localhost:3000/api[39m
2025-04-11 20:37:48:3748 [35mhttp[39m: [35mPOST /auth/register[39m
2025-04-11 20:38:33:3833 [35mhttp[39m: [35mPOST /api/auth/register[39m
2025-04-11 20:38:35:3835 [31merror[39m: [31mError: 16 UNAUTHENTICATED: Request had invalid authentication credentials. Expected OAuth 2 access token, login cookie or other valid authentication credential. See https://developers.google.com/identity/sign-in/web/devconsole-project.[39m
2025-04-11 20:40:20:4020 [32minfo[39m: [32mSIGINT received. Shutting down gracefully[39m
2025-04-11 20:40:22:4022 [32minfo[39m: [32mServer running on port 3000[39m
2025-04-11 20:40:22:4022 [32minfo[39m: [32mEnvironment: development[39m
2025-04-11 20:40:22:4022 [32minfo[39m: [32mAPI available at http://localhost:3000/api[39m
2025-04-11 20:40:37:4037 [35mhttp[39m: [35mPOST /api/auth/register[39m
2025-04-11 20:41:55:4155 [35mhttp[39m: [35mGET /api/users/profile[39m
2025-04-11 20:42:11:4211 [35mhttp[39m: [35mPATCH /api/users/profile[39m
2025-04-11 20:42:20:4220 [35mhttp[39m: [35mGET /api/users/profile[39m
2025-04-11 20:42:30:4230 [35mhttp[39m: [35mGET /api/modules[39m
2025-04-11 20:42:31:4231 [31merror[39m: [31mError: 9 FAILED_PRECONDITION: The query requires an index. You can create it here: https://console.firebase.google.com/v1/r/project/degree-notes-3617b/firestore/indexes?create_composite=ClJwcm9qZWN0cy9kZWdyZWUtbm90ZXMtMzYxN2IvZGF0YWJhc2VzLyhkZWZhdWx0KS9jb2xsZWN0aW9uR3JvdXBzL21vZHVsZXMvaW5kZXhlcy9fEAEaDgoKaXNBcmNoaXZlZBABGgoKBnVzZXJJZBABGg0KCXNvcnRPcmRlchABGgwKCF9fbmFtZV9fEAE[39m
2025-04-11 20:43:36:4336 [35mhttp[39m: [35mPOST /api/modules[39m
2025-04-11 21:06:27:627 [35mhttp[39m: [35mGET /api/modules[39m
2025-04-11 21:06:30:630 [31merror[39m: [31mError: 9 FAILED_PRECONDITION: The query requires an index. You can create it here: https://console.firebase.google.com/v1/r/project/degree-notes-3617b/firestore/indexes?create_composite=ClJwcm9qZWN0cy9kZWdyZWUtbm90ZXMtMzYxN2IvZGF0YWJhc2VzLyhkZWZhdWx0KS9jb2xsZWN0aW9uR3JvdXBzL21vZHVsZXMvaW5kZXhlcy9fEAEaDgoKaXNBcmNoaXZlZBABGgoKBnVzZXJJZBABGg0KCXNvcnRPcmRlchABGgwKCF9fbmFtZV9fEAE[39m
2025-04-11 21:06:37:637 [32minfo[39m: [32mSIGINT received. Shutting down gracefully[39m
2025-04-11 21:06:40:640 [32minfo[39m: [32mServer running on port 3000[39m
2025-04-11 21:06:40:640 [32minfo[39m: [32mEnvironment: development[39m
2025-04-11 21:06:40:640 [32minfo[39m: [32mAPI available at http://localhost:3000/api[39m
2025-04-11 21:06:42:642 [35mhttp[39m: [35mGET /api/modules[39m
2025-04-11 21:06:55:655 [32minfo[39m: [32mSIGINT received. Shutting down gracefully[39m
2025-04-11 21:22:36:2236 [32minfo[39m: [32mServer running on port 3000[39m
2025-04-11 21:22:36:2236 [32minfo[39m: [32mEnvironment: development[39m
2025-04-11 21:22:36:2236 [32minfo[39m: [32mAPI available at http://localhost:3000/api[39m
2025-04-12 01:56:38:5638 [32minfo[39m: [32mSIGINT received. Shutting down gracefully[39m
